[2024-10-20 03:55:18] local.EMERGENCY: RolePermissionMiddleware ejecutándose {"uri":"http://bhcms.test/users","user":1,"roles_requeridos":["admin","view_users"]} 
[2024-10-20 03:55:18] local.EMERGENCY: Verificando permisos {"user_roles":["admin"],"user_permissions":["view_users","create_user","edit_user","delete_user","assign_roles","view_roles","create_role","edit_role","delete_role","view_permissions","create_permission","edit_permission","delete_permission","view_pages","create_page","edit_page","delete_page","publish_page","view_articles","create_article","edit_article","delete_article","publish_article","view_comments","moderate_comments","delete_comment","view_settings","edit_settings","view_media","upload_media","delete_media","view_templates","create_template","edit_template","delete_template","view_reports","export_reports","view_security_logs","manage_security","view_audit_logs"],"required":["admin","view_users"]} 
[2024-10-20 03:55:18] local.EMERGENCY: Acceso permitido {"roleOrPermission":"admin"} 
[2024-10-20 03:55:18] local.INFO: {"current_page":1,"data":[{"id":1,"name":"admin","email":"admin@admin.com","rol_id":null,"created_at":"2024-10-18T20:57:28.000000Z","updated_at":"2024-10-18T20:57:28.000000Z","roles":[{"id":1,"name":"admin","guard_name":"web","created_at":"2024-10-18T20:57:25.000000Z","updated_at":"2024-10-18T20:57:25.000000Z","pivot":{"model_type":"App\\Models\\User","model_id":1,"role_id":1}}]},{"id":2,"name":"editor","email":"editor@editor.com","rol_id":null,"created_at":"2024-10-18T20:57:28.000000Z","updated_at":"2024-10-18T20:57:28.000000Z","roles":[{"id":2,"name":"editor","guard_name":"web","created_at":"2024-10-18T20:57:25.000000Z","updated_at":"2024-10-18T20:57:25.000000Z","pivot":{"model_type":"App\\Models\\User","model_id":2,"role_id":2}}]},{"id":3,"name":"Juan","email":"juan@example.com","rol_id":null,"created_at":"2024-10-18T20:57:29.000000Z","updated_at":"2024-10-18T20:57:29.000000Z","roles":[{"id":2,"name":"editor","guard_name":"web","created_at":"2024-10-18T20:57:25.000000Z","updated_at":"2024-10-18T20:57:25.000000Z","pivot":{"model_type":"App\\Models\\User","model_id":3,"role_id":2}}]},{"id":4,"name":"Pedro","email":"pedro@example.com","rol_id":null,"created_at":"2024-10-18T20:57:29.000000Z","updated_at":"2024-10-18T20:57:29.000000Z","roles":[{"id":3,"name":"user","guard_name":"web","created_at":"2024-10-18T20:57:25.000000Z","updated_at":"2024-10-18T20:57:25.000000Z","pivot":{"model_type":"App\\Models\\User","model_id":4,"role_id":3}}]},{"id":5,"name":"Maria","email":"maria@example.com","rol_id":null,"created_at":"2024-10-18T20:57:29.000000Z","updated_at":"2024-10-18T20:57:29.000000Z","roles":[{"id":2,"name":"editor","guard_name":"web","created_at":"2024-10-18T20:57:25.000000Z","updated_at":"2024-10-18T20:57:25.000000Z","pivot":{"model_type":"App\\Models\\User","model_id":5,"role_id":2}}]}],"first_page_url":"http:\/\/bhcms.test\/users?page=1","from":1,"last_page":5,"last_page_url":"http:\/\/bhcms.test\/users?page=5","links":[{"url":null,"label":"&laquo; Previous","active":false},{"url":"http:\/\/bhcms.test\/users?page=1","label":"1","active":true},{"url":"http:\/\/bhcms.test\/users?page=2","label":"2","active":false},{"url":"http:\/\/bhcms.test\/users?page=3","label":"3","active":false},{"url":"http:\/\/bhcms.test\/users?page=4","label":"4","active":false},{"url":"http:\/\/bhcms.test\/users?page=5","label":"5","active":false},{"url":"http:\/\/bhcms.test\/users?page=2","label":"Next &raquo;","active":false}],"next_page_url":"http:\/\/bhcms.test\/users?page=2","path":"http:\/\/bhcms.test\/users","per_page":5,"prev_page_url":null,"to":5,"total":22}  
[2024-10-20 03:56:01] local.EMERGENCY: RolePermissionMiddleware ejecutándose {"uri":"http://bhcms.test/users","user":1,"roles_requeridos":["admin","view_users"]} 
[2024-10-20 03:56:01] local.EMERGENCY: Verificando permisos {"user_roles":["admin"],"user_permissions":["view_users","create_user","edit_user","delete_user","assign_roles","view_roles","create_role","edit_role","delete_role","view_permissions","create_permission","edit_permission","delete_permission","view_pages","create_page","edit_page","delete_page","publish_page","view_articles","create_article","edit_article","delete_article","publish_article","view_comments","moderate_comments","delete_comment","view_settings","edit_settings","view_media","upload_media","delete_media","view_templates","create_template","edit_template","delete_template","view_reports","export_reports","view_security_logs","manage_security","view_audit_logs"],"required":["admin","view_users"]} 
[2024-10-20 03:56:01] local.EMERGENCY: Acceso permitido {"roleOrPermission":"admin"} 
[2024-10-20 03:56:01] local.INFO: {"current_page":1,"data":[{"id":1,"name":"admin","email":"admin@admin.com","rol_id":null,"created_at":"2024-10-18T20:57:28.000000Z","updated_at":"2024-10-18T20:57:28.000000Z","roles":[{"id":1,"name":"admin","guard_name":"web","created_at":"2024-10-18T20:57:25.000000Z","updated_at":"2024-10-18T20:57:25.000000Z","pivot":{"model_type":"App\\Models\\User","model_id":1,"role_id":1}}]},{"id":2,"name":"editor","email":"editor@editor.com","rol_id":null,"created_at":"2024-10-18T20:57:28.000000Z","updated_at":"2024-10-18T20:57:28.000000Z","roles":[{"id":2,"name":"editor","guard_name":"web","created_at":"2024-10-18T20:57:25.000000Z","updated_at":"2024-10-18T20:57:25.000000Z","pivot":{"model_type":"App\\Models\\User","model_id":2,"role_id":2}}]},{"id":3,"name":"Juan","email":"juan@example.com","rol_id":null,"created_at":"2024-10-18T20:57:29.000000Z","updated_at":"2024-10-18T20:57:29.000000Z","roles":[{"id":2,"name":"editor","guard_name":"web","created_at":"2024-10-18T20:57:25.000000Z","updated_at":"2024-10-18T20:57:25.000000Z","pivot":{"model_type":"App\\Models\\User","model_id":3,"role_id":2}}]},{"id":4,"name":"Pedro","email":"pedro@example.com","rol_id":null,"created_at":"2024-10-18T20:57:29.000000Z","updated_at":"2024-10-18T20:57:29.000000Z","roles":[{"id":3,"name":"user","guard_name":"web","created_at":"2024-10-18T20:57:25.000000Z","updated_at":"2024-10-18T20:57:25.000000Z","pivot":{"model_type":"App\\Models\\User","model_id":4,"role_id":3}}]},{"id":5,"name":"Maria","email":"maria@example.com","rol_id":null,"created_at":"2024-10-18T20:57:29.000000Z","updated_at":"2024-10-18T20:57:29.000000Z","roles":[{"id":2,"name":"editor","guard_name":"web","created_at":"2024-10-18T20:57:25.000000Z","updated_at":"2024-10-18T20:57:25.000000Z","pivot":{"model_type":"App\\Models\\User","model_id":5,"role_id":2}}]}],"first_page_url":"http:\/\/bhcms.test\/users?page=1","from":1,"last_page":5,"last_page_url":"http:\/\/bhcms.test\/users?page=5","links":[{"url":null,"label":"&laquo; Previous","active":false},{"url":"http:\/\/bhcms.test\/users?page=1","label":"1","active":true},{"url":"http:\/\/bhcms.test\/users?page=2","label":"2","active":false},{"url":"http:\/\/bhcms.test\/users?page=3","label":"3","active":false},{"url":"http:\/\/bhcms.test\/users?page=4","label":"4","active":false},{"url":"http:\/\/bhcms.test\/users?page=5","label":"5","active":false},{"url":"http:\/\/bhcms.test\/users?page=2","label":"Next &raquo;","active":false}],"next_page_url":"http:\/\/bhcms.test\/users?page=2","path":"http:\/\/bhcms.test\/users","per_page":5,"prev_page_url":null,"to":5,"total":22}  
[2024-10-20 03:56:15] local.EMERGENCY: RolePermissionMiddleware ejecutándose {"uri":"http://bhcms.test/roles","user":1,"roles_requeridos":["admin","view_roles"]} 
[2024-10-20 03:56:15] local.EMERGENCY: Verificando permisos {"user_roles":["admin"],"user_permissions":["view_users","create_user","edit_user","delete_user","assign_roles","view_roles","create_role","edit_role","delete_role","view_permissions","create_permission","edit_permission","delete_permission","view_pages","create_page","edit_page","delete_page","publish_page","view_articles","create_article","edit_article","delete_article","publish_article","view_comments","moderate_comments","delete_comment","view_settings","edit_settings","view_media","upload_media","delete_media","view_templates","create_template","edit_template","delete_template","view_reports","export_reports","view_security_logs","manage_security","view_audit_logs"],"required":["admin","view_roles"]} 
[2024-10-20 03:56:15] local.EMERGENCY: Acceso permitido {"roleOrPermission":"admin"} 
[2024-10-20 03:56:44] local.EMERGENCY: RolePermissionMiddleware ejecutándose {"uri":"http://bhcms.test/roles","user":1,"roles_requeridos":["admin","view_roles"]} 
[2024-10-20 03:56:44] local.EMERGENCY: Verificando permisos {"user_roles":["admin"],"user_permissions":["view_users","create_user","edit_user","delete_user","assign_roles","view_roles","create_role","edit_role","delete_role","view_permissions","create_permission","edit_permission","delete_permission","view_pages","create_page","edit_page","delete_page","publish_page","view_articles","create_article","edit_article","delete_article","publish_article","view_comments","moderate_comments","delete_comment","view_settings","edit_settings","view_media","upload_media","delete_media","view_templates","create_template","edit_template","delete_template","view_reports","export_reports","view_security_logs","manage_security","view_audit_logs"],"required":["admin","view_roles"]} 
[2024-10-20 03:56:44] local.EMERGENCY: Acceso permitido {"roleOrPermission":"admin"} 
[2024-10-20 03:58:22] local.EMERGENCY: RolePermissionMiddleware ejecutándose {"uri":"http://bhcms.test/roles","user":1,"roles_requeridos":["admin","view_roles"]} 
[2024-10-20 03:58:22] local.EMERGENCY: Verificando permisos {"user_roles":["admin"],"user_permissions":["view_users","create_user","edit_user","delete_user","assign_roles","view_roles","create_role","edit_role","delete_role","view_permissions","create_permission","edit_permission","delete_permission","view_pages","create_page","edit_page","delete_page","publish_page","view_articles","create_article","edit_article","delete_article","publish_article","view_comments","moderate_comments","delete_comment","view_settings","edit_settings","view_media","upload_media","delete_media","view_templates","create_template","edit_template","delete_template","view_reports","export_reports","view_security_logs","manage_security","view_audit_logs"],"required":["admin","view_roles"]} 
[2024-10-20 03:58:22] local.EMERGENCY: Acceso permitido {"roleOrPermission":"admin"} 
[2024-10-20 03:58:32] local.EMERGENCY: RolePermissionMiddleware ejecutándose {"uri":"http://bhcms.test/roles","user":1,"roles_requeridos":["admin","view_roles"]} 
[2024-10-20 03:58:32] local.EMERGENCY: Verificando permisos {"user_roles":["admin"],"user_permissions":["view_users","create_user","edit_user","delete_user","assign_roles","view_roles","create_role","edit_role","delete_role","view_permissions","create_permission","edit_permission","delete_permission","view_pages","create_page","edit_page","delete_page","publish_page","view_articles","create_article","edit_article","delete_article","publish_article","view_comments","moderate_comments","delete_comment","view_settings","edit_settings","view_media","upload_media","delete_media","view_templates","create_template","edit_template","delete_template","view_reports","export_reports","view_security_logs","manage_security","view_audit_logs"],"required":["admin","view_roles"]} 
[2024-10-20 03:58:32] local.EMERGENCY: Acceso permitido {"roleOrPermission":"admin"} 
[2024-10-20 04:02:59] local.EMERGENCY: Registrando ruta de plugins  
[2024-10-20 04:02:59] local.EMERGENCY: Ruta de plugins registrada  
[2024-10-20 04:03:04] local.EMERGENCY: Registrando ruta de plugins  
[2024-10-20 04:03:04] local.EMERGENCY: Ruta de plugins registrada  
[2024-10-20 04:04:22] local.EMERGENCY: Registrando ruta de plugins  
[2024-10-20 04:04:22] local.EMERGENCY: Ruta de plugins registrada  
[2024-10-20 04:04:24] local.EMERGENCY: Registrando ruta de plugins  
[2024-10-20 04:04:24] local.EMERGENCY: Ruta de plugins registrada  
[2024-10-20 04:04:24] local.EMERGENCY: ServePluginAssets middleware {"path":"templates","is_plugin_path":false} 
[2024-10-20 04:06:00] local.EMERGENCY: Registrando ruta de plugins  
[2024-10-20 04:06:00] local.EMERGENCY: Ruta de plugins registrada  
[2024-10-20 04:06:00] local.EMERGENCY: ServePluginAssets middleware {"path":"templates","is_plugin_path":false} 
[2024-10-20 04:06:02] local.EMERGENCY: Registrando ruta de plugins  
[2024-10-20 04:06:02] local.EMERGENCY: Ruta de plugins registrada  
[2024-10-20 04:06:02] local.EMERGENCY: ServePluginAssets middleware {"path":"admin/plugins","is_plugin_path":false} 
[2024-10-20 04:06:02] local.EMERGENCY: RolePermissionMiddleware ejecutándose {"uri":"http://bhcms.test/admin/plugins","user":1,"roles_requeridos":["admin","view_settings"]} 
[2024-10-20 04:06:03] local.EMERGENCY: Verificando permisos {"user_roles":["admin"],"user_permissions":["view_users","create_user","edit_user","delete_user","assign_roles","view_roles","create_role","edit_role","delete_role","view_permissions","create_permission","edit_permission","delete_permission","view_pages","create_page","edit_page","delete_page","publish_page","view_articles","create_article","edit_article","delete_article","publish_article","view_comments","moderate_comments","delete_comment","view_settings","edit_settings","view_media","upload_media","delete_media","view_templates","create_template","edit_template","delete_template","view_reports","export_reports","view_security_logs","manage_security","view_audit_logs"],"required":["admin","view_settings"]} 
[2024-10-20 04:06:03] local.EMERGENCY: Acceso permitido {"roleOrPermission":"admin"} 
[2024-10-20 04:06:03] local.ERROR: Test exception en PluginController {"userId":1,"exception":"[object] (Exception(code: 0): Test exception en PluginController at C:\\Users\\brian\\Documentos\\GitHub\\bankhipo\\website-institucional\\bhcms\\app\\Http\\Controllers\\PluginController.php:49)
[stacktrace]
#0 C:\\Users\\brian\\Documentos\\GitHub\\bankhipo\\website-institucional\\bhcms\\vendor\\laravel\\framework\\src\\Illuminate\\Routing\\Controller.php(54): App\\Http\\Controllers\\PluginController->index()
#1 C:\\Users\\brian\\Documentos\\GitHub\\bankhipo\\website-institucional\\bhcms\\vendor\\laravel\\framework\\src\\Illuminate\\Routing\\ControllerDispatcher.php(43): Illuminate\\Routing\\Controller->callAction('index', Array)
#2 C:\\Users\\brian\\Documentos\\GitHub\\bankhipo\\website-institucional\\bhcms\\vendor\\laravel\\framework\\src\\Illuminate\\Routing\\Route.php(260): Illuminate\\Routing\\ControllerDispatcher->dispatch(Object(Illuminate\\Routing\\Route), Object(App\\Http\\Controllers\\PluginController), 'index')
#3 C:\\Users\\brian\\Documentos\\GitHub\\bankhipo\\website-institucional\\bhcms\\vendor\\laravel\\framework\\src\\Illuminate\\Routing\\Route.php(205): Illuminate\\Routing\\Route->runController()
#4 C:\\Users\\brian\\Documentos\\GitHub\\bankhipo\\website-institucional\\bhcms\\vendor\\laravel\\framework\\src\\Illuminate\\Routing\\Router.php(806): Illuminate\\Routing\\Route->run()
#5 C:\\Users\\brian\\Documentos\\GitHub\\bankhipo\\website-institucional\\bhcms\\vendor\\laravel\\framework\\src\\Illuminate\\Pipeline\\Pipeline.php(144): Illuminate\\Routing\\Router->Illuminate\\Routing\\{closure}(Object(Illuminate\\Http\\Request))
#6 C:\\Users\\brian\\Documentos\\GitHub\\bankhipo\\website-institucional\\bhcms\\app\\Http\\Middleware\\RolePermissionMiddleware.php(38): Illuminate\\Pipeline\\Pipeline->Illuminate\\Pipeline\\{closure}(Object(Illuminate\\Http\\Request))
#7 C:\\Users\\brian\\Documentos\\GitHub\\bankhipo\\website-institucional\\bhcms\\vendor\\laravel\\framework\\src\\Illuminate\\Pipeline\\Pipeline.php(183): App\\Http\\Middleware\\RolePermissionMiddleware->handle(Object(Illuminate\\Http\\Request), Object(Closure), 'admin', 'view_settings')
#8 C:\\Users\\brian\\Documentos\\GitHub\\bankhipo\\website-institucional\\bhcms\\vendor\\laravel\\framework\\src\\Illuminate\\Routing\\Middleware\\SubstituteBindings.php(50): Illuminate\\Pipeline\\Pipeline->Illuminate\\Pipeline\\{closure}(Object(Illuminate\\Http\\Request))
#9 C:\\Users\\brian\\Documentos\\GitHub\\bankhipo\\website-institucional\\bhcms\\vendor\\laravel\\framework\\src\\Illuminate\\Pipeline\\Pipeline.php(183): Illuminate\\Routing\\Middleware\\SubstituteBindings->handle(Object(Illuminate\\Http\\Request), Object(Closure))
#10 C:\\Users\\brian\\Documentos\\GitHub\\bankhipo\\website-institucional\\bhcms\\vendor\\laravel\\framework\\src\\Illuminate\\Auth\\Middleware\\Authenticate.php(57): Illuminate\\Pipeline\\Pipeline->Illuminate\\Pipeline\\{closure}(Object(Illuminate\\Http\\Request))
#11 C:\\Users\\brian\\Documentos\\GitHub\\bankhipo\\website-institucional\\bhcms\\vendor\\laravel\\framework\\src\\Illuminate\\Pipeline\\Pipeline.php(183): Illuminate\\Auth\\Middleware\\Authenticate->handle(Object(Illuminate\\Http\\Request), Object(Closure))
#12 C:\\Users\\brian\\Documentos\\GitHub\\bankhipo\\website-institucional\\bhcms\\vendor\\laravel\\framework\\src\\Illuminate\\Foundation\\Http\\Middleware\\VerifyCsrfToken.php(78): Illuminate\\Pipeline\\Pipeline->Illuminate\\Pipeline\\{closure}(Object(Illuminate\\Http\\Request))
#13 C:\\Users\\brian\\Documentos\\GitHub\\bankhipo\\website-institucional\\bhcms\\vendor\\laravel\\framework\\src\\Illuminate\\Pipeline\\Pipeline.php(183): Illuminate\\Foundation\\Http\\Middleware\\VerifyCsrfToken->handle(Object(Illuminate\\Http\\Request), Object(Closure))
#14 C:\\Users\\brian\\Documentos\\GitHub\\bankhipo\\website-institucional\\bhcms\\vendor\\laravel\\framework\\src\\Illuminate\\View\\Middleware\\ShareErrorsFromSession.php(49): Illuminate\\Pipeline\\Pipeline->Illuminate\\Pipeline\\{closure}(Object(Illuminate\\Http\\Request))
#15 C:\\Users\\brian\\Documentos\\GitHub\\bankhipo\\website-institucional\\bhcms\\vendor\\laravel\\framework\\src\\Illuminate\\Pipeline\\Pipeline.php(183): Illuminate\\View\\Middleware\\ShareErrorsFromSession->handle(Object(Illuminate\\Http\\Request), Object(Closure))
#16 C:\\Users\\brian\\Documentos\\GitHub\\bankhipo\\website-institucional\\bhcms\\vendor\\laravel\\framework\\src\\Illuminate\\Session\\Middleware\\StartSession.php(121): Illuminate\\Pipeline\\Pipeline->Illuminate\\Pipeline\\{closure}(Object(Illuminate\\Http\\Request))
#17 C:\\Users\\brian\\Documentos\\GitHub\\bankhipo\\website-institucional\\bhcms\\vendor\\laravel\\framework\\src\\Illuminate\\Session\\Middleware\\StartSession.php(64): Illuminate\\Session\\Middleware\\StartSession->handleStatefulRequest(Object(Illuminate\\Http\\Request), Object(Illuminate\\Session\\Store), Object(Closure))
#18 C:\\Users\\brian\\Documentos\\GitHub\\bankhipo\\website-institucional\\bhcms\\vendor\\laravel\\framework\\src\\Illuminate\\Pipeline\\Pipeline.php(183): Illuminate\\Session\\Middleware\\StartSession->handle(Object(Illuminate\\Http\\Request), Object(Closure))
#19 C:\\Users\\brian\\Documentos\\GitHub\\bankhipo\\website-institucional\\bhcms\\vendor\\laravel\\framework\\src\\Illuminate\\Cookie\\Middleware\\AddQueuedCookiesToResponse.php(37): Illuminate\\Pipeline\\Pipeline->Illuminate\\Pipeline\\{closure}(Object(Illuminate\\Http\\Request))
#20 C:\\Users\\brian\\Documentos\\GitHub\\bankhipo\\website-institucional\\bhcms\\vendor\\laravel\\framework\\src\\Illuminate\\Pipeline\\Pipeline.php(183): Illuminate\\Cookie\\Middleware\\AddQueuedCookiesToResponse->handle(Object(Illuminate\\Http\\Request), Object(Closure))
#21 C:\\Users\\brian\\Documentos\\GitHub\\bankhipo\\website-institucional\\bhcms\\vendor\\laravel\\framework\\src\\Illuminate\\Cookie\\Middleware\\EncryptCookies.php(67): Illuminate\\Pipeline\\Pipeline->Illuminate\\Pipeline\\{closure}(Object(Illuminate\\Http\\Request))
#22 C:\\Users\\brian\\Documentos\\GitHub\\bankhipo\\website-institucional\\bhcms\\vendor\\laravel\\framework\\src\\Illuminate\\Pipeline\\Pipeline.php(183): Illuminate\\Cookie\\Middleware\\EncryptCookies->handle(Object(Illuminate\\Http\\Request), Object(Closure))
#23 C:\\Users\\brian\\Documentos\\GitHub\\bankhipo\\website-institucional\\bhcms\\vendor\\laravel\\framework\\src\\Illuminate\\Pipeline\\Pipeline.php(119): Illuminate\\Pipeline\\Pipeline->Illuminate\\Pipeline\\{closure}(Object(Illuminate\\Http\\Request))
#24 C:\\Users\\brian\\Documentos\\GitHub\\bankhipo\\website-institucional\\bhcms\\vendor\\laravel\\framework\\src\\Illuminate\\Routing\\Router.php(807): Illuminate\\Pipeline\\Pipeline->then(Object(Closure))
#25 C:\\Users\\brian\\Documentos\\GitHub\\bankhipo\\website-institucional\\bhcms\\vendor\\laravel\\framework\\src\\Illuminate\\Routing\\Router.php(784): Illuminate\\Routing\\Router->runRouteWithinStack(Object(Illuminate\\Routing\\Route), Object(Illuminate\\Http\\Request))
#26 C:\\Users\\brian\\Documentos\\GitHub\\bankhipo\\website-institucional\\bhcms\\vendor\\laravel\\framework\\src\\Illuminate\\Routing\\Router.php(748): Illuminate\\Routing\\Router->runRoute(Object(Illuminate\\Http\\Request), Object(Illuminate\\Routing\\Route))
#27 C:\\Users\\brian\\Documentos\\GitHub\\bankhipo\\website-institucional\\bhcms\\vendor\\laravel\\framework\\src\\Illuminate\\Routing\\Router.php(737): Illuminate\\Routing\\Router->dispatchToRoute(Object(Illuminate\\Http\\Request))
#28 C:\\Users\\brian\\Documentos\\GitHub\\bankhipo\\website-institucional\\bhcms\\vendor\\laravel\\framework\\src\\Illuminate\\Foundation\\Http\\Kernel.php(200): Illuminate\\Routing\\Router->dispatch(Object(Illuminate\\Http\\Request))
#29 C:\\Users\\brian\\Documentos\\GitHub\\bankhipo\\website-institucional\\bhcms\\vendor\\laravel\\framework\\src\\Illuminate\\Pipeline\\Pipeline.php(144): Illuminate\\Foundation\\Http\\Kernel->Illuminate\\Foundation\\Http\\{closure}(Object(Illuminate\\Http\\Request))
#30 C:\\Users\\brian\\Documentos\\GitHub\\bankhipo\\website-institucional\\bhcms\\app\\Http\\Middleware\\ServePluginAssets.php(26): Illuminate\\Pipeline\\Pipeline->Illuminate\\Pipeline\\{closure}(Object(Illuminate\\Http\\Request))
#31 C:\\Users\\brian\\Documentos\\GitHub\\bankhipo\\website-institucional\\bhcms\\vendor\\laravel\\framework\\src\\Illuminate\\Pipeline\\Pipeline.php(183): App\\Http\\Middleware\\ServePluginAssets->handle(Object(Illuminate\\Http\\Request), Object(Closure))
#32 C:\\Users\\brian\\Documentos\\GitHub\\bankhipo\\website-institucional\\bhcms\\vendor\\laravel\\framework\\src\\Illuminate\\Foundation\\Http\\Middleware\\TransformsRequest.php(21): Illuminate\\Pipeline\\Pipeline->Illuminate\\Pipeline\\{closure}(Object(Illuminate\\Http\\Request))
#33 C:\\Users\\brian\\Documentos\\GitHub\\bankhipo\\website-institucional\\bhcms\\vendor\\laravel\\framework\\src\\Illuminate\\Foundation\\Http\\Middleware\\ConvertEmptyStringsToNull.php(31): Illuminate\\Foundation\\Http\\Middleware\\TransformsRequest->handle(Object(Illuminate\\Http\\Request), Object(Closure))
#34 C:\\Users\\brian\\Documentos\\GitHub\\bankhipo\\website-institucional\\bhcms\\vendor\\laravel\\framework\\src\\Illuminate\\Pipeline\\Pipeline.php(183): Illuminate\\Foundation\\Http\\Middleware\\ConvertEmptyStringsToNull->handle(Object(Illuminate\\Http\\Request), Object(Closure))
#35 C:\\Users\\brian\\Documentos\\GitHub\\bankhipo\\website-institucional\\bhcms\\vendor\\laravel\\framework\\src\\Illuminate\\Foundation\\Http\\Middleware\\TransformsRequest.php(21): Illuminate\\Pipeline\\Pipeline->Illuminate\\Pipeline\\{closure}(Object(Illuminate\\Http\\Request))
#36 C:\\Users\\brian\\Documentos\\GitHub\\bankhipo\\website-institucional\\bhcms\\vendor\\laravel\\framework\\src\\Illuminate\\Foundation\\Http\\Middleware\\TrimStrings.php(40): Illuminate\\Foundation\\Http\\Middleware\\TransformsRequest->handle(Object(Illuminate\\Http\\Request), Object(Closure))
#37 C:\\Users\\brian\\Documentos\\GitHub\\bankhipo\\website-institucional\\bhcms\\vendor\\laravel\\framework\\src\\Illuminate\\Pipeline\\Pipeline.php(183): Illuminate\\Foundation\\Http\\Middleware\\TrimStrings->handle(Object(Illuminate\\Http\\Request), Object(Closure))
#38 C:\\Users\\brian\\Documentos\\GitHub\\bankhipo\\website-institucional\\bhcms\\vendor\\laravel\\framework\\src\\Illuminate\\Foundation\\Http\\Middleware\\ValidatePostSize.php(27): Illuminate\\Pipeline\\Pipeline->Illuminate\\Pipeline\\{closure}(Object(Illuminate\\Http\\Request))
#39 C:\\Users\\brian\\Documentos\\GitHub\\bankhipo\\website-institucional\\bhcms\\vendor\\laravel\\framework\\src\\Illuminate\\Pipeline\\Pipeline.php(183): Illuminate\\Foundation\\Http\\Middleware\\ValidatePostSize->handle(Object(Illuminate\\Http\\Request), Object(Closure))
#40 C:\\Users\\brian\\Documentos\\GitHub\\bankhipo\\website-institucional\\bhcms\\vendor\\laravel\\framework\\src\\Illuminate\\Foundation\\Http\\Middleware\\PreventRequestsDuringMaintenance.php(99): Illuminate\\Pipeline\\Pipeline->Illuminate\\Pipeline\\{closure}(Object(Illuminate\\Http\\Request))
#41 C:\\Users\\brian\\Documentos\\GitHub\\bankhipo\\website-institucional\\bhcms\\vendor\\laravel\\framework\\src\\Illuminate\\Pipeline\\Pipeline.php(183): Illuminate\\Foundation\\Http\\Middleware\\PreventRequestsDuringMaintenance->handle(Object(Illuminate\\Http\\Request), Object(Closure))
#42 C:\\Users\\brian\\Documentos\\GitHub\\bankhipo\\website-institucional\\bhcms\\vendor\\laravel\\framework\\src\\Illuminate\\Http\\Middleware\\HandleCors.php(49): Illuminate\\Pipeline\\Pipeline->Illuminate\\Pipeline\\{closure}(Object(Illuminate\\Http\\Request))
#43 C:\\Users\\brian\\Documentos\\GitHub\\bankhipo\\website-institucional\\bhcms\\vendor\\laravel\\framework\\src\\Illuminate\\Pipeline\\Pipeline.php(183): Illuminate\\Http\\Middleware\\HandleCors->handle(Object(Illuminate\\Http\\Request), Object(Closure))
#44 C:\\Users\\brian\\Documentos\\GitHub\\bankhipo\\website-institucional\\bhcms\\vendor\\laravel\\framework\\src\\Illuminate\\Http\\Middleware\\TrustProxies.php(39): Illuminate\\Pipeline\\Pipeline->Illuminate\\Pipeline\\{closure}(Object(Illuminate\\Http\\Request))
#45 C:\\Users\\brian\\Documentos\\GitHub\\bankhipo\\website-institucional\\bhcms\\vendor\\laravel\\framework\\src\\Illuminate\\Pipeline\\Pipeline.php(183): Illuminate\\Http\\Middleware\\TrustProxies->handle(Object(Illuminate\\Http\\Request), Object(Closure))
#46 C:\\Users\\brian\\Documentos\\GitHub\\bankhipo\\website-institucional\\bhcms\\vendor\\laravel\\framework\\src\\Illuminate\\Pipeline\\Pipeline.php(119): Illuminate\\Pipeline\\Pipeline->Illuminate\\Pipeline\\{closure}(Object(Illuminate\\Http\\Request))
#47 C:\\Users\\brian\\Documentos\\GitHub\\bankhipo\\website-institucional\\bhcms\\vendor\\laravel\\framework\\src\\Illuminate\\Foundation\\Http\\Kernel.php(175): Illuminate\\Pipeline\\Pipeline->then(Object(Closure))
#48 C:\\Users\\brian\\Documentos\\GitHub\\bankhipo\\website-institucional\\bhcms\\vendor\\laravel\\framework\\src\\Illuminate\\Foundation\\Http\\Kernel.php(144): Illuminate\\Foundation\\Http\\Kernel->sendRequestThroughRouter(Object(Illuminate\\Http\\Request))
#49 C:\\Users\\brian\\Documentos\\GitHub\\bankhipo\\website-institucional\\bhcms\\public\\index.php(52): Illuminate\\Foundation\\Http\\Kernel->handle(Object(Illuminate\\Http\\Request))
#50 {main}
"} 
[2024-10-20 04:06:47] local.EMERGENCY: Registrando ruta de plugins  
[2024-10-20 04:06:47] local.EMERGENCY: Ruta de plugins registrada  
[2024-10-20 04:06:47] local.EMERGENCY: ServePluginAssets middleware {"path":"admin/plugins","is_plugin_path":false} 
[2024-10-20 04:06:47] local.EMERGENCY: RolePermissionMiddleware ejecutándose {"uri":"http://bhcms.test/admin/plugins","user":1,"roles_requeridos":["admin","view_settings"]} 
[2024-10-20 04:06:47] local.EMERGENCY: Verificando permisos {"user_roles":["admin"],"user_permissions":["view_users","create_user","edit_user","delete_user","assign_roles","view_roles","create_role","edit_role","delete_role","view_permissions","create_permission","edit_permission","delete_permission","view_pages","create_page","edit_page","delete_page","publish_page","view_articles","create_article","edit_article","delete_article","publish_article","view_comments","moderate_comments","delete_comment","view_settings","edit_settings","view_media","upload_media","delete_media","view_templates","create_template","edit_template","delete_template","view_reports","export_reports","view_security_logs","manage_security","view_audit_logs"],"required":["admin","view_settings"]} 
[2024-10-20 04:06:47] local.EMERGENCY: Acceso permitido {"roleOrPermission":"admin"} 
[2024-10-20 04:06:47] local.EMERGENCY: PluginController@index ejecutándose {"user_id":1,"roles":{"Illuminate\\Support\\Collection":["admin"]},"permissions":{"Illuminate\\Support\\Collection":["view_users","create_user","edit_user","delete_user","assign_roles","view_roles","create_role","edit_role","delete_role","view_permissions","create_permission","edit_permission","delete_permission","view_pages","create_page","edit_page","delete_page","publish_page","view_articles","create_article","edit_article","delete_article","publish_article","view_comments","moderate_comments","delete_comment","view_settings","edit_settings","view_media","upload_media","delete_media","view_templates","create_template","edit_template","delete_template","view_reports","export_reports","view_security_logs","manage_security","view_audit_logs"]}} 
[2024-10-20 04:06:47] local.ERROR: Route [plugins.create] not defined. {"view":{"view":"C:\\Users\\brian\\Documentos\\GitHub\\bankhipo\\website-institucional\\bhcms\\resources\\views\\plugins\\index.blade.php","data":{"errors":"<pre class=sf-dump id=sf-dump-1356330609 data-indent-pad=\"  \"><span class=sf-dump-note>Illuminate\\Support\\ViewErrorBag</span> {<a class=sf-dump-ref>#1475</a><samp data-depth=1 class=sf-dump-expanded>
  #<span class=sf-dump-protected title=\"Protected property\">bags</span>: []
</samp>}
</pre><script>Sfdump(\"sf-dump-1356330609\", {\"maxDepth\":3,\"maxStringLength\":160})</script>
","plugins":"<pre class=sf-dump id=sf-dump-931079310 data-indent-pad=\"  \"><span class=sf-dump-note>Illuminate\\Database\\Eloquent\\Collection</span> {<a class=sf-dump-ref>#1529</a><samp data-depth=1 class=sf-dump-expanded>
  #<span class=sf-dump-protected title=\"Protected property\">items</span>: []
  #<span class=sf-dump-protected title=\"Protected property\">escapeWhenCastingToString</span>: <span class=sf-dump-const>false</span>
</samp>}
</pre><script>Sfdump(\"sf-dump-931079310\", {\"maxDepth\":3,\"maxStringLength\":160})</script>
"}},"userId":1,"exception":"[object] (Spatie\\LaravelIgnition\\Exceptions\\ViewException(code: 0): Route [plugins.create] not defined. at C:\\Users\\brian\\Documentos\\GitHub\\bankhipo\\website-institucional\\bhcms\\vendor\\laravel\\framework\\src\\Illuminate\\Routing\\UrlGenerator.php:477)
[stacktrace]
#0 C:\\Users\\brian\\Documentos\\GitHub\\bankhipo\\website-institucional\\bhcms\\vendor\\laravel\\framework\\src\\Illuminate\\Foundation\\helpers.php(811): Illuminate\\Routing\\UrlGenerator->route('plugins.create', Array, true)
#1 C:\\Users\\brian\\Documentos\\GitHub\\bankhipo\\website-institucional\\bhcms\\resources\\views\\plugins\\index.blade.php(8): route('plugins.create')
#2 C:\\Users\\brian\\Documentos\\GitHub\\bankhipo\\website-institucional\\bhcms\\vendor\\laravel\\framework\\src\\Illuminate\\Filesystem\\Filesystem.php(123): require('C:\\\\Users\\\\brian\\\\...')
#3 C:\\Users\\brian\\Documentos\\GitHub\\bankhipo\\website-institucional\\bhcms\\vendor\\laravel\\framework\\src\\Illuminate\\Filesystem\\Filesystem.php(124): Illuminate\\Filesystem\\Filesystem::Illuminate\\Filesystem\\{closure}()
#4 C:\\Users\\brian\\Documentos\\GitHub\\bankhipo\\website-institucional\\bhcms\\vendor\\laravel\\framework\\src\\Illuminate\\View\\Engines\\PhpEngine.php(58): Illuminate\\Filesystem\\Filesystem->getRequire('C:\\\\Users\\\\brian\\\\...', Array)
#5 C:\\Users\\brian\\Documentos\\GitHub\\bankhipo\\website-institucional\\bhcms\\vendor\\laravel\\framework\\src\\Illuminate\\View\\Engines\\CompilerEngine.php(72): Illuminate\\View\\Engines\\PhpEngine->evaluatePath('C:\\\\Users\\\\brian\\\\...', Array)
#6 C:\\Users\\brian\\Documentos\\GitHub\\bankhipo\\website-institucional\\bhcms\\vendor\\laravel\\framework\\src\\Illuminate\\View\\View.php(207): Illuminate\\View\\Engines\\CompilerEngine->get('C:\\\\Users\\\\brian\\\\...', Array)
#7 C:\\Users\\brian\\Documentos\\GitHub\\bankhipo\\website-institucional\\bhcms\\vendor\\laravel\\framework\\src\\Illuminate\\View\\View.php(190): Illuminate\\View\\View->getContents()
#8 C:\\Users\\brian\\Documentos\\GitHub\\bankhipo\\website-institucional\\bhcms\\vendor\\laravel\\framework\\src\\Illuminate\\View\\View.php(159): Illuminate\\View\\View->renderContents()
#9 C:\\Users\\brian\\Documentos\\GitHub\\bankhipo\\website-institucional\\bhcms\\vendor\\laravel\\framework\\src\\Illuminate\\Http\\Response.php(69): Illuminate\\View\\View->render()
#10 C:\\Users\\brian\\Documentos\\GitHub\\bankhipo\\website-institucional\\bhcms\\vendor\\laravel\\framework\\src\\Illuminate\\Http\\Response.php(35): Illuminate\\Http\\Response->setContent(Object(Illuminate\\View\\View))
#11 C:\\Users\\brian\\Documentos\\GitHub\\bankhipo\\website-institucional\\bhcms\\vendor\\laravel\\framework\\src\\Illuminate\\Routing\\Router.php(918): Illuminate\\Http\\Response->__construct(Object(Illuminate\\View\\View), 200, Array)
#12 C:\\Users\\brian\\Documentos\\GitHub\\bankhipo\\website-institucional\\bhcms\\vendor\\laravel\\framework\\src\\Illuminate\\Routing\\Router.php(885): Illuminate\\Routing\\Router::toResponse(Object(Illuminate\\Http\\Request), Object(Illuminate\\View\\View))
#13 C:\\Users\\brian\\Documentos\\GitHub\\bankhipo\\website-institucional\\bhcms\\vendor\\laravel\\framework\\src\\Illuminate\\Routing\\Router.php(806): Illuminate\\Routing\\Router->prepareResponse(Object(Illuminate\\Http\\Request), Object(Illuminate\\View\\View))
#14 C:\\Users\\brian\\Documentos\\GitHub\\bankhipo\\website-institucional\\bhcms\\vendor\\laravel\\framework\\src\\Illuminate\\Pipeline\\Pipeline.php(144): Illuminate\\Routing\\Router->Illuminate\\Routing\\{closure}(Object(Illuminate\\Http\\Request))
#15 C:\\Users\\brian\\Documentos\\GitHub\\bankhipo\\website-institucional\\bhcms\\app\\Http\\Middleware\\RolePermissionMiddleware.php(38): Illuminate\\Pipeline\\Pipeline->Illuminate\\Pipeline\\{closure}(Object(Illuminate\\Http\\Request))
#16 C:\\Users\\brian\\Documentos\\GitHub\\bankhipo\\website-institucional\\bhcms\\vendor\\laravel\\framework\\src\\Illuminate\\Pipeline\\Pipeline.php(183): App\\Http\\Middleware\\RolePermissionMiddleware->handle(Object(Illuminate\\Http\\Request), Object(Closure), 'admin', 'view_settings')
#17 C:\\Users\\brian\\Documentos\\GitHub\\bankhipo\\website-institucional\\bhcms\\vendor\\laravel\\framework\\src\\Illuminate\\Routing\\Middleware\\SubstituteBindings.php(50): Illuminate\\Pipeline\\Pipeline->Illuminate\\Pipeline\\{closure}(Object(Illuminate\\Http\\Request))
#18 C:\\Users\\brian\\Documentos\\GitHub\\bankhipo\\website-institucional\\bhcms\\vendor\\laravel\\framework\\src\\Illuminate\\Pipeline\\Pipeline.php(183): Illuminate\\Routing\\Middleware\\SubstituteBindings->handle(Object(Illuminate\\Http\\Request), Object(Closure))
#19 C:\\Users\\brian\\Documentos\\GitHub\\bankhipo\\website-institucional\\bhcms\\vendor\\laravel\\framework\\src\\Illuminate\\Auth\\Middleware\\Authenticate.php(57): Illuminate\\Pipeline\\Pipeline->Illuminate\\Pipeline\\{closure}(Object(Illuminate\\Http\\Request))
#20 C:\\Users\\brian\\Documentos\\GitHub\\bankhipo\\website-institucional\\bhcms\\vendor\\laravel\\framework\\src\\Illuminate\\Pipeline\\Pipeline.php(183): Illuminate\\Auth\\Middleware\\Authenticate->handle(Object(Illuminate\\Http\\Request), Object(Closure))
#21 C:\\Users\\brian\\Documentos\\GitHub\\bankhipo\\website-institucional\\bhcms\\vendor\\laravel\\framework\\src\\Illuminate\\Foundation\\Http\\Middleware\\VerifyCsrfToken.php(78): Illuminate\\Pipeline\\Pipeline->Illuminate\\Pipeline\\{closure}(Object(Illuminate\\Http\\Request))
#22 C:\\Users\\brian\\Documentos\\GitHub\\bankhipo\\website-institucional\\bhcms\\vendor\\laravel\\framework\\src\\Illuminate\\Pipeline\\Pipeline.php(183): Illuminate\\Foundation\\Http\\Middleware\\VerifyCsrfToken->handle(Object(Illuminate\\Http\\Request), Object(Closure))
#23 C:\\Users\\brian\\Documentos\\GitHub\\bankhipo\\website-institucional\\bhcms\\vendor\\laravel\\framework\\src\\Illuminate\\View\\Middleware\\ShareErrorsFromSession.php(49): Illuminate\\Pipeline\\Pipeline->Illuminate\\Pipeline\\{closure}(Object(Illuminate\\Http\\Request))
#24 C:\\Users\\brian\\Documentos\\GitHub\\bankhipo\\website-institucional\\bhcms\\vendor\\laravel\\framework\\src\\Illuminate\\Pipeline\\Pipeline.php(183): Illuminate\\View\\Middleware\\ShareErrorsFromSession->handle(Object(Illuminate\\Http\\Request), Object(Closure))
#25 C:\\Users\\brian\\Documentos\\GitHub\\bankhipo\\website-institucional\\bhcms\\vendor\\laravel\\framework\\src\\Illuminate\\Session\\Middleware\\StartSession.php(121): Illuminate\\Pipeline\\Pipeline->Illuminate\\Pipeline\\{closure}(Object(Illuminate\\Http\\Request))
#26 C:\\Users\\brian\\Documentos\\GitHub\\bankhipo\\website-institucional\\bhcms\\vendor\\laravel\\framework\\src\\Illuminate\\Session\\Middleware\\StartSession.php(64): Illuminate\\Session\\Middleware\\StartSession->handleStatefulRequest(Object(Illuminate\\Http\\Request), Object(Illuminate\\Session\\Store), Object(Closure))
#27 C:\\Users\\brian\\Documentos\\GitHub\\bankhipo\\website-institucional\\bhcms\\vendor\\laravel\\framework\\src\\Illuminate\\Pipeline\\Pipeline.php(183): Illuminate\\Session\\Middleware\\StartSession->handle(Object(Illuminate\\Http\\Request), Object(Closure))
#28 C:\\Users\\brian\\Documentos\\GitHub\\bankhipo\\website-institucional\\bhcms\\vendor\\laravel\\framework\\src\\Illuminate\\Cookie\\Middleware\\AddQueuedCookiesToResponse.php(37): Illuminate\\Pipeline\\Pipeline->Illuminate\\Pipeline\\{closure}(Object(Illuminate\\Http\\Request))
#29 C:\\Users\\brian\\Documentos\\GitHub\\bankhipo\\website-institucional\\bhcms\\vendor\\laravel\\framework\\src\\Illuminate\\Pipeline\\Pipeline.php(183): Illuminate\\Cookie\\Middleware\\AddQueuedCookiesToResponse->handle(Object(Illuminate\\Http\\Request), Object(Closure))
#30 C:\\Users\\brian\\Documentos\\GitHub\\bankhipo\\website-institucional\\bhcms\\vendor\\laravel\\framework\\src\\Illuminate\\Cookie\\Middleware\\EncryptCookies.php(67): Illuminate\\Pipeline\\Pipeline->Illuminate\\Pipeline\\{closure}(Object(Illuminate\\Http\\Request))
#31 C:\\Users\\brian\\Documentos\\GitHub\\bankhipo\\website-institucional\\bhcms\\vendor\\laravel\\framework\\src\\Illuminate\\Pipeline\\Pipeline.php(183): Illuminate\\Cookie\\Middleware\\EncryptCookies->handle(Object(Illuminate\\Http\\Request), Object(Closure))
#32 C:\\Users\\brian\\Documentos\\GitHub\\bankhipo\\website-institucional\\bhcms\\vendor\\laravel\\framework\\src\\Illuminate\\Pipeline\\Pipeline.php(119): Illuminate\\Pipeline\\Pipeline->Illuminate\\Pipeline\\{closure}(Object(Illuminate\\Http\\Request))
#33 C:\\Users\\brian\\Documentos\\GitHub\\bankhipo\\website-institucional\\bhcms\\vendor\\laravel\\framework\\src\\Illuminate\\Routing\\Router.php(807): Illuminate\\Pipeline\\Pipeline->then(Object(Closure))
#34 C:\\Users\\brian\\Documentos\\GitHub\\bankhipo\\website-institucional\\bhcms\\vendor\\laravel\\framework\\src\\Illuminate\\Routing\\Router.php(784): Illuminate\\Routing\\Router->runRouteWithinStack(Object(Illuminate\\Routing\\Route), Object(Illuminate\\Http\\Request))
#35 C:\\Users\\brian\\Documentos\\GitHub\\bankhipo\\website-institucional\\bhcms\\vendor\\laravel\\framework\\src\\Illuminate\\Routing\\Router.php(748): Illuminate\\Routing\\Router->runRoute(Object(Illuminate\\Http\\Request), Object(Illuminate\\Routing\\Route))
#36 C:\\Users\\brian\\Documentos\\GitHub\\bankhipo\\website-institucional\\bhcms\\vendor\\laravel\\framework\\src\\Illuminate\\Routing\\Router.php(737): Illuminate\\Routing\\Router->dispatchToRoute(Object(Illuminate\\Http\\Request))
#37 C:\\Users\\brian\\Documentos\\GitHub\\bankhipo\\website-institucional\\bhcms\\vendor\\laravel\\framework\\src\\Illuminate\\Foundation\\Http\\Kernel.php(200): Illuminate\\Routing\\Router->dispatch(Object(Illuminate\\Http\\Request))
#38 C:\\Users\\brian\\Documentos\\GitHub\\bankhipo\\website-institucional\\bhcms\\vendor\\laravel\\framework\\src\\Illuminate\\Pipeline\\Pipeline.php(144): Illuminate\\Foundation\\Http\\Kernel->Illuminate\\Foundation\\Http\\{closure}(Object(Illuminate\\Http\\Request))
#39 C:\\Users\\brian\\Documentos\\GitHub\\bankhipo\\website-institucional\\bhcms\\app\\Http\\Middleware\\ServePluginAssets.php(26): Illuminate\\Pipeline\\Pipeline->Illuminate\\Pipeline\\{closure}(Object(Illuminate\\Http\\Request))
#40 C:\\Users\\brian\\Documentos\\GitHub\\bankhipo\\website-institucional\\bhcms\\vendor\\laravel\\framework\\src\\Illuminate\\Pipeline\\Pipeline.php(183): App\\Http\\Middleware\\ServePluginAssets->handle(Object(Illuminate\\Http\\Request), Object(Closure))
#41 C:\\Users\\brian\\Documentos\\GitHub\\bankhipo\\website-institucional\\bhcms\\vendor\\laravel\\framework\\src\\Illuminate\\Foundation\\Http\\Middleware\\TransformsRequest.php(21): Illuminate\\Pipeline\\Pipeline->Illuminate\\Pipeline\\{closure}(Object(Illuminate\\Http\\Request))
#42 C:\\Users\\brian\\Documentos\\GitHub\\bankhipo\\website-institucional\\bhcms\\vendor\\laravel\\framework\\src\\Illuminate\\Foundation\\Http\\Middleware\\ConvertEmptyStringsToNull.php(31): Illuminate\\Foundation\\Http\\Middleware\\TransformsRequest->handle(Object(Illuminate\\Http\\Request), Object(Closure))
#43 C:\\Users\\brian\\Documentos\\GitHub\\bankhipo\\website-institucional\\bhcms\\vendor\\laravel\\framework\\src\\Illuminate\\Pipeline\\Pipeline.php(183): Illuminate\\Foundation\\Http\\Middleware\\ConvertEmptyStringsToNull->handle(Object(Illuminate\\Http\\Request), Object(Closure))
#44 C:\\Users\\brian\\Documentos\\GitHub\\bankhipo\\website-institucional\\bhcms\\vendor\\laravel\\framework\\src\\Illuminate\\Foundation\\Http\\Middleware\\TransformsRequest.php(21): Illuminate\\Pipeline\\Pipeline->Illuminate\\Pipeline\\{closure}(Object(Illuminate\\Http\\Request))
#45 C:\\Users\\brian\\Documentos\\GitHub\\bankhipo\\website-institucional\\bhcms\\vendor\\laravel\\framework\\src\\Illuminate\\Foundation\\Http\\Middleware\\TrimStrings.php(40): Illuminate\\Foundation\\Http\\Middleware\\TransformsRequest->handle(Object(Illuminate\\Http\\Request), Object(Closure))
#46 C:\\Users\\brian\\Documentos\\GitHub\\bankhipo\\website-institucional\\bhcms\\vendor\\laravel\\framework\\src\\Illuminate\\Pipeline\\Pipeline.php(183): Illuminate\\Foundation\\Http\\Middleware\\TrimStrings->handle(Object(Illuminate\\Http\\Request), Object(Closure))
#47 C:\\Users\\brian\\Documentos\\GitHub\\bankhipo\\website-institucional\\bhcms\\vendor\\laravel\\framework\\src\\Illuminate\\Foundation\\Http\\Middleware\\ValidatePostSize.php(27): Illuminate\\Pipeline\\Pipeline->Illuminate\\Pipeline\\{closure}(Object(Illuminate\\Http\\Request))
#48 C:\\Users\\brian\\Documentos\\GitHub\\bankhipo\\website-institucional\\bhcms\\vendor\\laravel\\framework\\src\\Illuminate\\Pipeline\\Pipeline.php(183): Illuminate\\Foundation\\Http\\Middleware\\ValidatePostSize->handle(Object(Illuminate\\Http\\Request), Object(Closure))
#49 C:\\Users\\brian\\Documentos\\GitHub\\bankhipo\\website-institucional\\bhcms\\vendor\\laravel\\framework\\src\\Illuminate\\Foundation\\Http\\Middleware\\PreventRequestsDuringMaintenance.php(99): Illuminate\\Pipeline\\Pipeline->Illuminate\\Pipeline\\{closure}(Object(Illuminate\\Http\\Request))
#50 C:\\Users\\brian\\Documentos\\GitHub\\bankhipo\\website-institucional\\bhcms\\vendor\\laravel\\framework\\src\\Illuminate\\Pipeline\\Pipeline.php(183): Illuminate\\Foundation\\Http\\Middleware\\PreventRequestsDuringMaintenance->handle(Object(Illuminate\\Http\\Request), Object(Closure))
#51 C:\\Users\\brian\\Documentos\\GitHub\\bankhipo\\website-institucional\\bhcms\\vendor\\laravel\\framework\\src\\Illuminate\\Http\\Middleware\\HandleCors.php(49): Illuminate\\Pipeline\\Pipeline->Illuminate\\Pipeline\\{closure}(Object(Illuminate\\Http\\Request))
#52 C:\\Users\\brian\\Documentos\\GitHub\\bankhipo\\website-institucional\\bhcms\\vendor\\laravel\\framework\\src\\Illuminate\\Pipeline\\Pipeline.php(183): Illuminate\\Http\\Middleware\\HandleCors->handle(Object(Illuminate\\Http\\Request), Object(Closure))
#53 C:\\Users\\brian\\Documentos\\GitHub\\bankhipo\\website-institucional\\bhcms\\vendor\\laravel\\framework\\src\\Illuminate\\Http\\Middleware\\TrustProxies.php(39): Illuminate\\Pipeline\\Pipeline->Illuminate\\Pipeline\\{closure}(Object(Illuminate\\Http\\Request))
#54 C:\\Users\\brian\\Documentos\\GitHub\\bankhipo\\website-institucional\\bhcms\\vendor\\laravel\\framework\\src\\Illuminate\\Pipeline\\Pipeline.php(183): Illuminate\\Http\\Middleware\\TrustProxies->handle(Object(Illuminate\\Http\\Request), Object(Closure))
#55 C:\\Users\\brian\\Documentos\\GitHub\\bankhipo\\website-institucional\\bhcms\\vendor\\laravel\\framework\\src\\Illuminate\\Pipeline\\Pipeline.php(119): Illuminate\\Pipeline\\Pipeline->Illuminate\\Pipeline\\{closure}(Object(Illuminate\\Http\\Request))
#56 C:\\Users\\brian\\Documentos\\GitHub\\bankhipo\\website-institucional\\bhcms\\vendor\\laravel\\framework\\src\\Illuminate\\Foundation\\Http\\Kernel.php(175): Illuminate\\Pipeline\\Pipeline->then(Object(Closure))
#57 C:\\Users\\brian\\Documentos\\GitHub\\bankhipo\\website-institucional\\bhcms\\vendor\\laravel\\framework\\src\\Illuminate\\Foundation\\Http\\Kernel.php(144): Illuminate\\Foundation\\Http\\Kernel->sendRequestThroughRouter(Object(Illuminate\\Http\\Request))
#58 C:\\Users\\brian\\Documentos\\GitHub\\bankhipo\\website-institucional\\bhcms\\public\\index.php(52): Illuminate\\Foundation\\Http\\Kernel->handle(Object(Illuminate\\Http\\Request))
#59 {main}

[previous exception] [object] (Symfony\\Component\\Routing\\Exception\\RouteNotFoundException(code: 0): Route [plugins.create] not defined. at C:\\Users\\brian\\Documentos\\GitHub\\bankhipo\\website-institucional\\bhcms\\vendor\\laravel\\framework\\src\\Illuminate\\Routing\\UrlGenerator.php:477)
[stacktrace]
#0 C:\\Users\\brian\\Documentos\\GitHub\\bankhipo\\website-institucional\\bhcms\\vendor\\laravel\\framework\\src\\Illuminate\\Foundation\\helpers.php(811): Illuminate\\Routing\\UrlGenerator->route('plugins.create', Array, true)
#1 C:\\Users\\brian\\Documentos\\GitHub\\bankhipo\\website-institucional\\bhcms\\storage\\framework\\views\\8a716630bcf95fb89cef52fa126c3700.php(6): route('plugins.create')
#2 C:\\Users\\brian\\Documentos\\GitHub\\bankhipo\\website-institucional\\bhcms\\vendor\\laravel\\framework\\src\\Illuminate\\Filesystem\\Filesystem.php(123): require('C:\\\\Users\\\\brian\\\\...')
#3 C:\\Users\\brian\\Documentos\\GitHub\\bankhipo\\website-institucional\\bhcms\\vendor\\laravel\\framework\\src\\Illuminate\\Filesystem\\Filesystem.php(124): Illuminate\\Filesystem\\Filesystem::Illuminate\\Filesystem\\{closure}()
#4 C:\\Users\\brian\\Documentos\\GitHub\\bankhipo\\website-institucional\\bhcms\\vendor\\laravel\\framework\\src\\Illuminate\\View\\Engines\\PhpEngine.php(58): Illuminate\\Filesystem\\Filesystem->getRequire('C:\\\\Users\\\\brian\\\\...', Array)
#5 C:\\Users\\brian\\Documentos\\GitHub\\bankhipo\\website-institucional\\bhcms\\vendor\\laravel\\framework\\src\\Illuminate\\View\\Engines\\CompilerEngine.php(72): Illuminate\\View\\Engines\\PhpEngine->evaluatePath('C:\\\\Users\\\\brian\\\\...', Array)
#6 C:\\Users\\brian\\Documentos\\GitHub\\bankhipo\\website-institucional\\bhcms\\vendor\\laravel\\framework\\src\\Illuminate\\View\\View.php(207): Illuminate\\View\\Engines\\CompilerEngine->get('C:\\\\Users\\\\brian\\\\...', Array)
#7 C:\\Users\\brian\\Documentos\\GitHub\\bankhipo\\website-institucional\\bhcms\\vendor\\laravel\\framework\\src\\Illuminate\\View\\View.php(190): Illuminate\\View\\View->getContents()
#8 C:\\Users\\brian\\Documentos\\GitHub\\bankhipo\\website-institucional\\bhcms\\vendor\\laravel\\framework\\src\\Illuminate\\View\\View.php(159): Illuminate\\View\\View->renderContents()
#9 C:\\Users\\brian\\Documentos\\GitHub\\bankhipo\\website-institucional\\bhcms\\vendor\\laravel\\framework\\src\\Illuminate\\Http\\Response.php(69): Illuminate\\View\\View->render()
#10 C:\\Users\\brian\\Documentos\\GitHub\\bankhipo\\website-institucional\\bhcms\\vendor\\laravel\\framework\\src\\Illuminate\\Http\\Response.php(35): Illuminate\\Http\\Response->setContent(Object(Illuminate\\View\\View))
#11 C:\\Users\\brian\\Documentos\\GitHub\\bankhipo\\website-institucional\\bhcms\\vendor\\laravel\\framework\\src\\Illuminate\\Routing\\Router.php(918): Illuminate\\Http\\Response->__construct(Object(Illuminate\\View\\View), 200, Array)
#12 C:\\Users\\brian\\Documentos\\GitHub\\bankhipo\\website-institucional\\bhcms\\vendor\\laravel\\framework\\src\\Illuminate\\Routing\\Router.php(885): Illuminate\\Routing\\Router::toResponse(Object(Illuminate\\Http\\Request), Object(Illuminate\\View\\View))
#13 C:\\Users\\brian\\Documentos\\GitHub\\bankhipo\\website-institucional\\bhcms\\vendor\\laravel\\framework\\src\\Illuminate\\Routing\\Router.php(806): Illuminate\\Routing\\Router->prepareResponse(Object(Illuminate\\Http\\Request), Object(Illuminate\\View\\View))
#14 C:\\Users\\brian\\Documentos\\GitHub\\bankhipo\\website-institucional\\bhcms\\vendor\\laravel\\framework\\src\\Illuminate\\Pipeline\\Pipeline.php(144): Illuminate\\Routing\\Router->Illuminate\\Routing\\{closure}(Object(Illuminate\\Http\\Request))
#15 C:\\Users\\brian\\Documentos\\GitHub\\bankhipo\\website-institucional\\bhcms\\app\\Http\\Middleware\\RolePermissionMiddleware.php(38): Illuminate\\Pipeline\\Pipeline->Illuminate\\Pipeline\\{closure}(Object(Illuminate\\Http\\Request))
#16 C:\\Users\\brian\\Documentos\\GitHub\\bankhipo\\website-institucional\\bhcms\\vendor\\laravel\\framework\\src\\Illuminate\\Pipeline\\Pipeline.php(183): App\\Http\\Middleware\\RolePermissionMiddleware->handle(Object(Illuminate\\Http\\Request), Object(Closure), 'admin', 'view_settings')
#17 C:\\Users\\brian\\Documentos\\GitHub\\bankhipo\\website-institucional\\bhcms\\vendor\\laravel\\framework\\src\\Illuminate\\Routing\\Middleware\\SubstituteBindings.php(50): Illuminate\\Pipeline\\Pipeline->Illuminate\\Pipeline\\{closure}(Object(Illuminate\\Http\\Request))
#18 C:\\Users\\brian\\Documentos\\GitHub\\bankhipo\\website-institucional\\bhcms\\vendor\\laravel\\framework\\src\\Illuminate\\Pipeline\\Pipeline.php(183): Illuminate\\Routing\\Middleware\\SubstituteBindings->handle(Object(Illuminate\\Http\\Request), Object(Closure))
#19 C:\\Users\\brian\\Documentos\\GitHub\\bankhipo\\website-institucional\\bhcms\\vendor\\laravel\\framework\\src\\Illuminate\\Auth\\Middleware\\Authenticate.php(57): Illuminate\\Pipeline\\Pipeline->Illuminate\\Pipeline\\{closure}(Object(Illuminate\\Http\\Request))
#20 C:\\Users\\brian\\Documentos\\GitHub\\bankhipo\\website-institucional\\bhcms\\vendor\\laravel\\framework\\src\\Illuminate\\Pipeline\\Pipeline.php(183): Illuminate\\Auth\\Middleware\\Authenticate->handle(Object(Illuminate\\Http\\Request), Object(Closure))
#21 C:\\Users\\brian\\Documentos\\GitHub\\bankhipo\\website-institucional\\bhcms\\vendor\\laravel\\framework\\src\\Illuminate\\Foundation\\Http\\Middleware\\VerifyCsrfToken.php(78): Illuminate\\Pipeline\\Pipeline->Illuminate\\Pipeline\\{closure}(Object(Illuminate\\Http\\Request))
#22 C:\\Users\\brian\\Documentos\\GitHub\\bankhipo\\website-institucional\\bhcms\\vendor\\laravel\\framework\\src\\Illuminate\\Pipeline\\Pipeline.php(183): Illuminate\\Foundation\\Http\\Middleware\\VerifyCsrfToken->handle(Object(Illuminate\\Http\\Request), Object(Closure))
#23 C:\\Users\\brian\\Documentos\\GitHub\\bankhipo\\website-institucional\\bhcms\\vendor\\laravel\\framework\\src\\Illuminate\\View\\Middleware\\ShareErrorsFromSession.php(49): Illuminate\\Pipeline\\Pipeline->Illuminate\\Pipeline\\{closure}(Object(Illuminate\\Http\\Request))
#24 C:\\Users\\brian\\Documentos\\GitHub\\bankhipo\\website-institucional\\bhcms\\vendor\\laravel\\framework\\src\\Illuminate\\Pipeline\\Pipeline.php(183): Illuminate\\View\\Middleware\\ShareErrorsFromSession->handle(Object(Illuminate\\Http\\Request), Object(Closure))
#25 C:\\Users\\brian\\Documentos\\GitHub\\bankhipo\\website-institucional\\bhcms\\vendor\\laravel\\framework\\src\\Illuminate\\Session\\Middleware\\StartSession.php(121): Illuminate\\Pipeline\\Pipeline->Illuminate\\Pipeline\\{closure}(Object(Illuminate\\Http\\Request))
#26 C:\\Users\\brian\\Documentos\\GitHub\\bankhipo\\website-institucional\\bhcms\\vendor\\laravel\\framework\\src\\Illuminate\\Session\\Middleware\\StartSession.php(64): Illuminate\\Session\\Middleware\\StartSession->handleStatefulRequest(Object(Illuminate\\Http\\Request), Object(Illuminate\\Session\\Store), Object(Closure))
#27 C:\\Users\\brian\\Documentos\\GitHub\\bankhipo\\website-institucional\\bhcms\\vendor\\laravel\\framework\\src\\Illuminate\\Pipeline\\Pipeline.php(183): Illuminate\\Session\\Middleware\\StartSession->handle(Object(Illuminate\\Http\\Request), Object(Closure))
#28 C:\\Users\\brian\\Documentos\\GitHub\\bankhipo\\website-institucional\\bhcms\\vendor\\laravel\\framework\\src\\Illuminate\\Cookie\\Middleware\\AddQueuedCookiesToResponse.php(37): Illuminate\\Pipeline\\Pipeline->Illuminate\\Pipeline\\{closure}(Object(Illuminate\\Http\\Request))
#29 C:\\Users\\brian\\Documentos\\GitHub\\bankhipo\\website-institucional\\bhcms\\vendor\\laravel\\framework\\src\\Illuminate\\Pipeline\\Pipeline.php(183): Illuminate\\Cookie\\Middleware\\AddQueuedCookiesToResponse->handle(Object(Illuminate\\Http\\Request), Object(Closure))
#30 C:\\Users\\brian\\Documentos\\GitHub\\bankhipo\\website-institucional\\bhcms\\vendor\\laravel\\framework\\src\\Illuminate\\Cookie\\Middleware\\EncryptCookies.php(67): Illuminate\\Pipeline\\Pipeline->Illuminate\\Pipeline\\{closure}(Object(Illuminate\\Http\\Request))
#31 C:\\Users\\brian\\Documentos\\GitHub\\bankhipo\\website-institucional\\bhcms\\vendor\\laravel\\framework\\src\\Illuminate\\Pipeline\\Pipeline.php(183): Illuminate\\Cookie\\Middleware\\EncryptCookies->handle(Object(Illuminate\\Http\\Request), Object(Closure))
#32 C:\\Users\\brian\\Documentos\\GitHub\\bankhipo\\website-institucional\\bhcms\\vendor\\laravel\\framework\\src\\Illuminate\\Pipeline\\Pipeline.php(119): Illuminate\\Pipeline\\Pipeline->Illuminate\\Pipeline\\{closure}(Object(Illuminate\\Http\\Request))
#33 C:\\Users\\brian\\Documentos\\GitHub\\bankhipo\\website-institucional\\bhcms\\vendor\\laravel\\framework\\src\\Illuminate\\Routing\\Router.php(807): Illuminate\\Pipeline\\Pipeline->then(Object(Closure))
#34 C:\\Users\\brian\\Documentos\\GitHub\\bankhipo\\website-institucional\\bhcms\\vendor\\laravel\\framework\\src\\Illuminate\\Routing\\Router.php(784): Illuminate\\Routing\\Router->runRouteWithinStack(Object(Illuminate\\Routing\\Route), Object(Illuminate\\Http\\Request))
#35 C:\\Users\\brian\\Documentos\\GitHub\\bankhipo\\website-institucional\\bhcms\\vendor\\laravel\\framework\\src\\Illuminate\\Routing\\Router.php(748): Illuminate\\Routing\\Router->runRoute(Object(Illuminate\\Http\\Request), Object(Illuminate\\Routing\\Route))
#36 C:\\Users\\brian\\Documentos\\GitHub\\bankhipo\\website-institucional\\bhcms\\vendor\\laravel\\framework\\src\\Illuminate\\Routing\\Router.php(737): Illuminate\\Routing\\Router->dispatchToRoute(Object(Illuminate\\Http\\Request))
#37 C:\\Users\\brian\\Documentos\\GitHub\\bankhipo\\website-institucional\\bhcms\\vendor\\laravel\\framework\\src\\Illuminate\\Foundation\\Http\\Kernel.php(200): Illuminate\\Routing\\Router->dispatch(Object(Illuminate\\Http\\Request))
#38 C:\\Users\\brian\\Documentos\\GitHub\\bankhipo\\website-institucional\\bhcms\\vendor\\laravel\\framework\\src\\Illuminate\\Pipeline\\Pipeline.php(144): Illuminate\\Foundation\\Http\\Kernel->Illuminate\\Foundation\\Http\\{closure}(Object(Illuminate\\Http\\Request))
#39 C:\\Users\\brian\\Documentos\\GitHub\\bankhipo\\website-institucional\\bhcms\\app\\Http\\Middleware\\ServePluginAssets.php(26): Illuminate\\Pipeline\\Pipeline->Illuminate\\Pipeline\\{closure}(Object(Illuminate\\Http\\Request))
#40 C:\\Users\\brian\\Documentos\\GitHub\\bankhipo\\website-institucional\\bhcms\\vendor\\laravel\\framework\\src\\Illuminate\\Pipeline\\Pipeline.php(183): App\\Http\\Middleware\\ServePluginAssets->handle(Object(Illuminate\\Http\\Request), Object(Closure))
#41 C:\\Users\\brian\\Documentos\\GitHub\\bankhipo\\website-institucional\\bhcms\\vendor\\laravel\\framework\\src\\Illuminate\\Foundation\\Http\\Middleware\\TransformsRequest.php(21): Illuminate\\Pipeline\\Pipeline->Illuminate\\Pipeline\\{closure}(Object(Illuminate\\Http\\Request))
#42 C:\\Users\\brian\\Documentos\\GitHub\\bankhipo\\website-institucional\\bhcms\\vendor\\laravel\\framework\\src\\Illuminate\\Foundation\\Http\\Middleware\\ConvertEmptyStringsToNull.php(31): Illuminate\\Foundation\\Http\\Middleware\\TransformsRequest->handle(Object(Illuminate\\Http\\Request), Object(Closure))
#43 C:\\Users\\brian\\Documentos\\GitHub\\bankhipo\\website-institucional\\bhcms\\vendor\\laravel\\framework\\src\\Illuminate\\Pipeline\\Pipeline.php(183): Illuminate\\Foundation\\Http\\Middleware\\ConvertEmptyStringsToNull->handle(Object(Illuminate\\Http\\Request), Object(Closure))
#44 C:\\Users\\brian\\Documentos\\GitHub\\bankhipo\\website-institucional\\bhcms\\vendor\\laravel\\framework\\src\\Illuminate\\Foundation\\Http\\Middleware\\TransformsRequest.php(21): Illuminate\\Pipeline\\Pipeline->Illuminate\\Pipeline\\{closure}(Object(Illuminate\\Http\\Request))
#45 C:\\Users\\brian\\Documentos\\GitHub\\bankhipo\\website-institucional\\bhcms\\vendor\\laravel\\framework\\src\\Illuminate\\Foundation\\Http\\Middleware\\TrimStrings.php(40): Illuminate\\Foundation\\Http\\Middleware\\TransformsRequest->handle(Object(Illuminate\\Http\\Request), Object(Closure))
#46 C:\\Users\\brian\\Documentos\\GitHub\\bankhipo\\website-institucional\\bhcms\\vendor\\laravel\\framework\\src\\Illuminate\\Pipeline\\Pipeline.php(183): Illuminate\\Foundation\\Http\\Middleware\\TrimStrings->handle(Object(Illuminate\\Http\\Request), Object(Closure))
#47 C:\\Users\\brian\\Documentos\\GitHub\\bankhipo\\website-institucional\\bhcms\\vendor\\laravel\\framework\\src\\Illuminate\\Foundation\\Http\\Middleware\\ValidatePostSize.php(27): Illuminate\\Pipeline\\Pipeline->Illuminate\\Pipeline\\{closure}(Object(Illuminate\\Http\\Request))
#48 C:\\Users\\brian\\Documentos\\GitHub\\bankhipo\\website-institucional\\bhcms\\vendor\\laravel\\framework\\src\\Illuminate\\Pipeline\\Pipeline.php(183): Illuminate\\Foundation\\Http\\Middleware\\ValidatePostSize->handle(Object(Illuminate\\Http\\Request), Object(Closure))
#49 C:\\Users\\brian\\Documentos\\GitHub\\bankhipo\\website-institucional\\bhcms\\vendor\\laravel\\framework\\src\\Illuminate\\Foundation\\Http\\Middleware\\PreventRequestsDuringMaintenance.php(99): Illuminate\\Pipeline\\Pipeline->Illuminate\\Pipeline\\{closure}(Object(Illuminate\\Http\\Request))
#50 C:\\Users\\brian\\Documentos\\GitHub\\bankhipo\\website-institucional\\bhcms\\vendor\\laravel\\framework\\src\\Illuminate\\Pipeline\\Pipeline.php(183): Illuminate\\Foundation\\Http\\Middleware\\PreventRequestsDuringMaintenance->handle(Object(Illuminate\\Http\\Request), Object(Closure))
#51 C:\\Users\\brian\\Documentos\\GitHub\\bankhipo\\website-institucional\\bhcms\\vendor\\laravel\\framework\\src\\Illuminate\\Http\\Middleware\\HandleCors.php(49): Illuminate\\Pipeline\\Pipeline->Illuminate\\Pipeline\\{closure}(Object(Illuminate\\Http\\Request))
#52 C:\\Users\\brian\\Documentos\\GitHub\\bankhipo\\website-institucional\\bhcms\\vendor\\laravel\\framework\\src\\Illuminate\\Pipeline\\Pipeline.php(183): Illuminate\\Http\\Middleware\\HandleCors->handle(Object(Illuminate\\Http\\Request), Object(Closure))
#53 C:\\Users\\brian\\Documentos\\GitHub\\bankhipo\\website-institucional\\bhcms\\vendor\\laravel\\framework\\src\\Illuminate\\Http\\Middleware\\TrustProxies.php(39): Illuminate\\Pipeline\\Pipeline->Illuminate\\Pipeline\\{closure}(Object(Illuminate\\Http\\Request))
#54 C:\\Users\\brian\\Documentos\\GitHub\\bankhipo\\website-institucional\\bhcms\\vendor\\laravel\\framework\\src\\Illuminate\\Pipeline\\Pipeline.php(183): Illuminate\\Http\\Middleware\\TrustProxies->handle(Object(Illuminate\\Http\\Request), Object(Closure))
#55 C:\\Users\\brian\\Documentos\\GitHub\\bankhipo\\website-institucional\\bhcms\\vendor\\laravel\\framework\\src\\Illuminate\\Pipeline\\Pipeline.php(119): Illuminate\\Pipeline\\Pipeline->Illuminate\\Pipeline\\{closure}(Object(Illuminate\\Http\\Request))
#56 C:\\Users\\brian\\Documentos\\GitHub\\bankhipo\\website-institucional\\bhcms\\vendor\\laravel\\framework\\src\\Illuminate\\Foundation\\Http\\Kernel.php(175): Illuminate\\Pipeline\\Pipeline->then(Object(Closure))
#57 C:\\Users\\brian\\Documentos\\GitHub\\bankhipo\\website-institucional\\bhcms\\vendor\\laravel\\framework\\src\\Illuminate\\Foundation\\Http\\Kernel.php(144): Illuminate\\Foundation\\Http\\Kernel->sendRequestThroughRouter(Object(Illuminate\\Http\\Request))
#58 C:\\Users\\brian\\Documentos\\GitHub\\bankhipo\\website-institucional\\bhcms\\public\\index.php(52): Illuminate\\Foundation\\Http\\Kernel->handle(Object(Illuminate\\Http\\Request))
#59 {main}
"} 
[2024-10-20 04:08:09] local.EMERGENCY: Registrando ruta de plugins  
[2024-10-20 04:08:09] local.EMERGENCY: Ruta de plugins registrada  
[2024-10-20 04:08:09] local.EMERGENCY: ServePluginAssets middleware {"path":"admin/plugins","is_plugin_path":false} 
[2024-10-20 04:08:10] local.EMERGENCY: RolePermissionMiddleware ejecutándose {"uri":"http://bhcms.test/admin/plugins","user":1,"roles_requeridos":["admin","view_settings"]} 
[2024-10-20 04:08:10] local.EMERGENCY: Verificando permisos {"user_roles":["admin"],"user_permissions":["view_users","create_user","edit_user","delete_user","assign_roles","view_roles","create_role","edit_role","delete_role","view_permissions","create_permission","edit_permission","delete_permission","view_pages","create_page","edit_page","delete_page","publish_page","view_articles","create_article","edit_article","delete_article","publish_article","view_comments","moderate_comments","delete_comment","view_settings","edit_settings","view_media","upload_media","delete_media","view_templates","create_template","edit_template","delete_template","view_reports","export_reports","view_security_logs","manage_security","view_audit_logs"],"required":["admin","view_settings"]} 
[2024-10-20 04:08:10] local.EMERGENCY: Acceso permitido {"roleOrPermission":"admin"} 
[2024-10-20 04:08:10] local.EMERGENCY: PluginController@index ejecutándose {"user_id":1,"roles":{"Illuminate\\Support\\Collection":["admin"]},"permissions":{"Illuminate\\Support\\Collection":["view_users","create_user","edit_user","delete_user","assign_roles","view_roles","create_role","edit_role","delete_role","view_permissions","create_permission","edit_permission","delete_permission","view_pages","create_page","edit_page","delete_page","publish_page","view_articles","create_article","edit_article","delete_article","publish_article","view_comments","moderate_comments","delete_comment","view_settings","edit_settings","view_media","upload_media","delete_media","view_templates","create_template","edit_template","delete_template","view_reports","export_reports","view_security_logs","manage_security","view_audit_logs"]}} 
